[debug] [2021-01-26T19:49:23.842Z] ----------------------------------------------------------------------
[debug] [2021-01-26T19:49:23.846Z] Command:       C:\Program Files\nodejs\node.exe C:\Users\wmp2_000\AppData\Roaming\npm\node_modules\firebase-tools\lib\bin\firebase.js serve
[debug] [2021-01-26T19:49:23.847Z] CLI Version:   9.2.2
[debug] [2021-01-26T19:49:23.847Z] Platform:      win32
[debug] [2021-01-26T19:49:23.847Z] Node Version:  v12.19.0
[debug] [2021-01-26T19:49:23.849Z] Time:          Tue Jan 26 2021 14:49:23 GMT-0500 (GMT-05:00)
[debug] [2021-01-26T19:49:23.849Z] ----------------------------------------------------------------------
[debug] [2021-01-26T19:49:23.850Z] 
[debug] [2021-01-26T19:49:23.866Z] > command requires scopes: ["email","openid","https://www.googleapis.com/auth/cloudplatformprojects.readonly","https://www.googleapis.com/auth/firebase","https://www.googleapis.com/auth/cloud-platform"]
[debug] [2021-01-26T19:49:23.868Z] > authorizing via signed-in user
[debug] [2021-01-26T19:49:23.868Z] [iam] checking project henry-app-50edd for permissions ["firebase.projects.get"]
[debug] [2021-01-26T19:49:23.874Z] > refreshing access token with scopes: ["email","https://www.googleapis.com/auth/cloud-platform","https://www.googleapis.com/auth/cloudplatformprojects.readonly","https://www.googleapis.com/auth/firebase","openid"]
[debug] [2021-01-26T19:49:23.875Z] >>> HTTP REQUEST POST https://www.googleapis.com/oauth2/v3/token  
 <request body omitted>
[debug] [2021-01-26T19:49:24.099Z] <<< HTTP RESPONSE 200 {"pragma":"no-cache","date":"Tue, 26 Jan 2021 19:49:15 GMT","expires":"Mon, 01 Jan 1990 00:00:00 GMT","cache-control":"no-cache, no-store, max-age=0, must-revalidate","content-type":"application/json; charset=utf-8","vary":"X-Origin, Referer, Origin,Accept-Encoding","server":"scaffolding on HTTPServer2","x-xss-protection":"0","x-frame-options":"SAMEORIGIN","x-content-type-options":"nosniff","alt-svc":"h3-29=\":443\"; ma=2592000,h3-T051=\":443\"; ma=2592000,h3-Q050=\":443\"; ma=2592000,h3-Q046=\":443\"; ma=2592000,h3-Q043=\":443\"; ma=2592000,quic=\":443\"; ma=2592000; v=\"46,43\"","accept-ranges":"none","transfer-encoding":"chunked"}
[debug] [2021-01-26T19:49:24.202Z] >>> HTTP REQUEST POST https://cloudresourcemanager.googleapis.com/v1/projects/henry-app-50edd:testIamPermissions  
 {"permissions":["firebase.projects.get"]}
[debug] [2021-01-26T19:49:24.639Z] <<< HTTP RESPONSE 200 {"content-type":"application/json; charset=UTF-8","vary":"X-Origin, Referer, Origin,Accept-Encoding","date":"Tue, 26 Jan 2021 19:49:15 GMT","server":"ESF","cache-control":"private","x-xss-protection":"0","x-frame-options":"SAMEORIGIN","x-content-type-options":"nosniff","server-timing":"gfet4t7; dur=334","alt-svc":"h3-29=\":443\"; ma=2592000,h3-T051=\":443\"; ma=2592000,h3-Q050=\":443\"; ma=2592000,h3-Q046=\":443\"; ma=2592000,h3-Q043=\":443\"; ma=2592000,quic=\":443\"; ma=2592000; v=\"46,43\"","accept-ranges":"none","transfer-encoding":"chunked"}
[debug] [2021-01-26T19:49:24.644Z] > refreshing access token with scopes: []
[debug] [2021-01-26T19:49:24.645Z] >>> HTTP REQUEST POST https://www.googleapis.com/oauth2/v3/token  
 <request body omitted>
[debug] [2021-01-26T19:49:24.849Z] <<< HTTP RESPONSE 200 {"date":"Tue, 26 Jan 2021 19:49:16 GMT","expires":"Mon, 01 Jan 1990 00:00:00 GMT","pragma":"no-cache","cache-control":"no-cache, no-store, max-age=0, must-revalidate","content-type":"application/json; charset=utf-8","vary":"X-Origin, Referer, Origin,Accept-Encoding","server":"scaffolding on HTTPServer2","x-xss-protection":"0","x-frame-options":"SAMEORIGIN","x-content-type-options":"nosniff","alt-svc":"h3-29=\":443\"; ma=2592000,h3-T051=\":443\"; ma=2592000,h3-Q050=\":443\"; ma=2592000,h3-Q046=\":443\"; ma=2592000,h3-Q043=\":443\"; ma=2592000,quic=\":443\"; ma=2592000; v=\"46,43\"","accept-ranges":"none","transfer-encoding":"chunked"}
[debug] [2021-01-26T19:49:24.923Z] >>> [apiv2][query] GET https://firebase.googleapis.com/v1beta1/projects/henry-app-50edd [none]
[debug] [2021-01-26T19:49:25.579Z] <<< [apiv2][status] GET https://firebase.googleapis.com/v1beta1/projects/henry-app-50edd 200
[debug] [2021-01-26T19:49:25.579Z] <<< [apiv2][body] GET https://firebase.googleapis.com/v1beta1/projects/henry-app-50edd {"projectId":"henry-app-50edd","projectNumber":"643875518821","displayName":"henry-app","name":"projects/henry-app-50edd","resources":{"hostingSite":"henry-app-50edd","storageBucket":"henry-app-50edd.appspot.com","locationId":"us-central"},"state":"ACTIVE"}
[info] 
[info] === Serving from 'C:\Users\wmp2_000\Documents\henry-app'...
[info] 
[info] +  functions: Using node@12 from host. {"metadata":{"emulator":{"name":"functions"},"message":"Using node@12 from host."}}
[debug] [2021-01-26T19:49:26.705Z] defaultcredentials: writing to file C:\Users\wmp2_000\AppData\Roaming\firebase\alejompm_gmail_com_application_default_credentials.json
[debug] [2021-01-26T19:49:26.708Z] Setting GAC to C:\Users\wmp2_000\AppData\Roaming\firebase\alejompm_gmail_com_application_default_credentials.json {"metadata":{"emulator":{"name":"functions"},"message":"Setting GAC to C:\\Users\\wmp2_000\\AppData\\Roaming\\firebase\\alejompm_gmail_com_application_default_credentials.json"}}
[debug] [2021-01-26T19:49:26.709Z] >>> [apiv2][query] GET https://firebase.googleapis.com/v1beta1/projects/henry-app-50edd/adminSdkConfig [none]
[debug] [2021-01-26T19:49:27.028Z] <<< [apiv2][status] GET https://firebase.googleapis.com/v1beta1/projects/henry-app-50edd/adminSdkConfig 200
[debug] [2021-01-26T19:49:27.028Z] <<< [apiv2][body] GET https://firebase.googleapis.com/v1beta1/projects/henry-app-50edd/adminSdkConfig {"projectId":"henry-app-50edd","storageBucket":"henry-app-50edd.appspot.com","locationId":"us-central"}
[info] i  functions: Watching "C:\Users\wmp2_000\Documents\henry-app\functions" for Cloud Functions... {"metadata":{"emulator":{"name":"functions"},"message":"Watching \"C:\\Users\\wmp2_000\\Documents\\henry-app\\functions\" for Cloud Functions..."}}
[debug] [2021-01-26T19:49:27.222Z] [worker-pool] addWorker(~diagnostic~) {"metadata":{"emulator":{"name":"functions"},"message":"[worker-pool] addWorker(~diagnostic~)"}}
[debug] [2021-01-26T19:49:27.225Z] [worker-pool] Adding worker with key ~diagnostic~, total=1 {"metadata":{"emulator":{"name":"functions"},"message":"[worker-pool] Adding worker with key ~diagnostic~, total=1"}}
[debug] [2021-01-26T19:49:27.225Z] [worker-pool] submitWork(triggerId=) {"metadata":{"emulator":{"name":"functions"},"message":"[worker-pool] submitWork(triggerId=)"}}
[debug] [2021-01-26T19:49:27.226Z] [worker-~diagnostic~-307a4ab7-a257-42c4-85fa-5bf8392ca6e1]: Assigning socketPath: \\?\pipe\C:\Users\wmp2_000\Documents\henry-app\functions\11088 {"metadata":{"emulator":{"name":"functions"},"message":"[worker-~diagnostic~-307a4ab7-a257-42c4-85fa-5bf8392ca6e1]: Assigning socketPath: \\\\?\\pipe\\C:\\Users\\wmp2_000\\Documents\\henry-app\\functions\\11088"}}
[debug] [2021-01-26T19:49:27.226Z] [worker-~diagnostic~-307a4ab7-a257-42c4-85fa-5bf8392ca6e1]: BUSY {"metadata":{"emulator":{"name":"functions"},"message":"[worker-~diagnostic~-307a4ab7-a257-42c4-85fa-5bf8392ca6e1]: BUSY"}}
[debug] [2021-01-26T19:49:27.828Z] [runtime-status] [11088] Functions runtime initialized. {"cwd":"C:\\Users\\wmp2_000\\Documents\\henry-app\\functions","node_version":"12.19.0"} {"metadata":{"emulator":{"name":"functions"},"message":"[runtime-status] [11088] Functions runtime initialized. {\"cwd\":\"C:\\\\Users\\\\wmp2_000\\\\Documents\\\\henry-app\\\\functions\",\"node_version\":\"12.19.0\"}"}}
[debug] [2021-01-26T19:49:27.829Z] [runtime-status] [11088] Disabled runtime features: undefined {"metadata":{"emulator":{"name":"functions"},"message":"[runtime-status] [11088] Disabled runtime features: undefined"}}
[debug] [2021-01-26T19:49:27.876Z] [runtime-status] [11088] Resolved module firebase-admin {"declared":true,"installed":true,"version":"9.4.2","resolution":"C:\\Users\\wmp2_000\\Documents\\henry-app\\functions\\node_modules\\firebase-admin\\lib\\index.js"} {"metadata":{"emulator":{"name":"functions"},"message":"[runtime-status] [11088] Resolved module firebase-admin {\"declared\":true,\"installed\":true,\"version\":\"9.4.2\",\"resolution\":\"C:\\\\Users\\\\wmp2_000\\\\Documents\\\\henry-app\\\\functions\\\\node_modules\\\\firebase-admin\\\\lib\\\\index.js\"}"}}
[debug] [2021-01-26T19:49:27.885Z] [runtime-status] [11088] Resolved module firebase-functions {"declared":true,"installed":true,"version":"3.13.1","resolution":"C:\\Users\\wmp2_000\\Documents\\henry-app\\functions\\node_modules\\firebase-functions\\lib\\index.js"} {"metadata":{"emulator":{"name":"functions"},"message":"[runtime-status] [11088] Resolved module firebase-functions {\"declared\":true,\"installed\":true,\"version\":\"3.13.1\",\"resolution\":\"C:\\\\Users\\\\wmp2_000\\\\Documents\\\\henry-app\\\\functions\\\\node_modules\\\\firebase-functions\\\\lib\\\\index.js\"}"}}
[debug] [2021-01-26T19:49:27.887Z] [runtime-status] [11088] Resolved module firebase-functions {"declared":true,"installed":true,"version":"3.13.1","resolution":"C:\\Users\\wmp2_000\\Documents\\henry-app\\functions\\node_modules\\firebase-functions\\lib\\index.js"} {"metadata":{"emulator":{"name":"functions"},"message":"[runtime-status] [11088] Resolved module firebase-functions {\"declared\":true,\"installed\":true,\"version\":\"3.13.1\",\"resolution\":\"C:\\\\Users\\\\wmp2_000\\\\Documents\\\\henry-app\\\\functions\\\\node_modules\\\\firebase-functions\\\\lib\\\\index.js\"}"}}
[debug] [2021-01-26T19:49:27.890Z] [runtime-status] [11088] Outgoing network have been stubbed. [{"name":"http","status":"mocked"},{"name":"http","status":"mocked"},{"name":"https","status":"mocked"},{"name":"https","status":"mocked"},{"name":"net","status":"mocked"}] {"metadata":{"emulator":{"name":"functions"},"message":"[runtime-status] [11088] Outgoing network have been stubbed. [{\"name\":\"http\",\"status\":\"mocked\"},{\"name\":\"http\",\"status\":\"mocked\"},{\"name\":\"https\",\"status\":\"mocked\"},{\"name\":\"https\",\"status\":\"mocked\"},{\"name\":\"net\",\"status\":\"mocked\"}]"}}
[debug] [2021-01-26T19:49:27.892Z] [runtime-status] [11088] Resolved module firebase-functions {"declared":true,"installed":true,"version":"3.13.1","resolution":"C:\\Users\\wmp2_000\\Documents\\henry-app\\functions\\node_modules\\firebase-functions\\lib\\index.js"} {"metadata":{"emulator":{"name":"functions"},"message":"[runtime-status] [11088] Resolved module firebase-functions {\"declared\":true,\"installed\":true,\"version\":\"3.13.1\",\"resolution\":\"C:\\\\Users\\\\wmp2_000\\\\Documents\\\\henry-app\\\\functions\\\\node_modules\\\\firebase-functions\\\\lib\\\\index.js\"}"}}
[debug] [2021-01-26T19:49:28.024Z] [runtime-status] [11088] Checked functions.config() {"config":{}} {"metadata":{"emulator":{"name":"functions"},"message":"[runtime-status] [11088] Checked functions.config() {\"config\":{}}"}}
[debug] [2021-01-26T19:49:28.024Z] [runtime-status] [11088] firebase-functions has been stubbed. {"functionsResolution":{"declared":true,"installed":true,"version":"3.13.1","resolution":"C:\\Users\\wmp2_000\\Documents\\henry-app\\functions\\node_modules\\firebase-functions\\lib\\index.js"}} {"metadata":{"emulator":{"name":"functions"},"message":"[runtime-status] [11088] firebase-functions has been stubbed. {\"functionsResolution\":{\"declared\":true,\"installed\":true,\"version\":\"3.13.1\",\"resolution\":\"C:\\\\Users\\\\wmp2_000\\\\Documents\\\\henry-app\\\\functions\\\\node_modules\\\\firebase-functions\\\\lib\\\\index.js\"}}"}}
[debug] [2021-01-26T19:49:28.026Z] [runtime-status] [11088] Resolved module firebase-functions {"declared":true,"installed":true,"version":"3.13.1","resolution":"C:\\Users\\wmp2_000\\Documents\\henry-app\\functions\\node_modules\\firebase-functions\\lib\\index.js"} {"metadata":{"emulator":{"name":"functions"},"message":"[runtime-status] [11088] Resolved module firebase-functions {\"declared\":true,\"installed\":true,\"version\":\"3.13.1\",\"resolution\":\"C:\\\\Users\\\\wmp2_000\\\\Documents\\\\henry-app\\\\functions\\\\node_modules\\\\firebase-functions\\\\lib\\\\index.js\"}"}}
[debug] [2021-01-26T19:49:28.031Z] [runtime-status] [11088] Resolved module firebase-admin {"declared":true,"installed":true,"version":"9.4.2","resolution":"C:\\Users\\wmp2_000\\Documents\\henry-app\\functions\\node_modules\\firebase-admin\\lib\\index.js"} {"metadata":{"emulator":{"name":"functions"},"message":"[runtime-status] [11088] Resolved module firebase-admin {\"declared\":true,\"installed\":true,\"version\":\"9.4.2\",\"resolution\":\"C:\\\\Users\\\\wmp2_000\\\\Documents\\\\henry-app\\\\functions\\\\node_modules\\\\firebase-admin\\\\lib\\\\index.js\"}"}}
[debug] [2021-01-26T19:49:28.032Z] [runtime-status] [11088] Resolved module firebase-functions {"declared":true,"installed":true,"version":"3.13.1","resolution":"C:\\Users\\wmp2_000\\Documents\\henry-app\\functions\\node_modules\\firebase-functions\\lib\\index.js"} {"metadata":{"emulator":{"name":"functions"},"message":"[runtime-status] [11088] Resolved module firebase-functions {\"declared\":true,\"installed\":true,\"version\":\"3.13.1\",\"resolution\":\"C:\\\\Users\\\\wmp2_000\\\\Documents\\\\henry-app\\\\functions\\\\node_modules\\\\firebase-functions\\\\lib\\\\index.js\"}"}}
[debug] [2021-01-26T19:49:28.033Z] [runtime-status] [11088] firebase-admin has been stubbed. {"adminResolution":{"declared":true,"installed":true,"version":"9.4.2","resolution":"C:\\Users\\wmp2_000\\Documents\\henry-app\\functions\\node_modules\\firebase-admin\\lib\\index.js"}} {"metadata":{"emulator":{"name":"functions"},"message":"[runtime-status] [11088] firebase-admin has been stubbed. {\"adminResolution\":{\"declared\":true,\"installed\":true,\"version\":\"9.4.2\",\"resolution\":\"C:\\\\Users\\\\wmp2_000\\\\Documents\\\\henry-app\\\\functions\\\\node_modules\\\\firebase-admin\\\\lib\\\\index.js\"}}"}}
[info] +  functions[mailer]: http function initialized (http://localhost:5000/henry-app-50edd/us-central1/mailer). {"metadata":{"emulator":{"name":"functions"},"message":"\u001b[1mhttp\u001b[22m function initialized (http://localhost:5000/henry-app-50edd/us-central1/mailer)."}}
[debug] [2021-01-26T19:49:28.561Z] [worker-~diagnostic~-307a4ab7-a257-42c4-85fa-5bf8392ca6e1]: IDLE {"metadata":{"emulator":{"name":"functions"},"message":"[worker-~diagnostic~-307a4ab7-a257-42c4-85fa-5bf8392ca6e1]: IDLE"}}
[debug] [2021-01-26T19:58:52.256Z] [work-queue] {"queueLength":1,"workRunningCount":0}
[debug] [2021-01-26T19:58:52.257Z] [work-queue] {"queueLength":0,"workRunningCount":1}
[debug] [2021-01-26T19:58:52.258Z] Accepted request OPTIONS /henry-app-50edd/us-central1/mailer --> mailer
[debug] [2021-01-26T19:58:52.331Z] [worker-pool] addWorker(mailer) {"metadata":{"emulator":{"name":"functions"},"message":"[worker-pool] addWorker(mailer)"}}
[debug] [2021-01-26T19:58:52.331Z] [worker-pool] Adding worker with key mailer, total=1 {"metadata":{"emulator":{"name":"functions"},"message":"[worker-pool] Adding worker with key mailer, total=1"}}
[debug] [2021-01-26T19:58:52.331Z] [worker-pool] submitWork(triggerId=mailer) {"metadata":{"emulator":{"name":"functions"},"message":"[worker-pool] submitWork(triggerId=mailer)"}}
[debug] [2021-01-26T19:58:52.331Z] [worker-mailer-c2222056-3795-4945-971a-76a24ea47fa1]: Assigning socketPath: \\?\pipe\C:\Users\wmp2_000\Documents\henry-app\functions\1172 {"metadata":{"emulator":{"name":"functions"},"message":"[worker-mailer-c2222056-3795-4945-971a-76a24ea47fa1]: Assigning socketPath: \\\\?\\pipe\\C:\\Users\\wmp2_000\\Documents\\henry-app\\functions\\1172"}}
[debug] [2021-01-26T19:58:52.332Z] [worker-mailer-c2222056-3795-4945-971a-76a24ea47fa1]: BUSY {"metadata":{"emulator":{"name":"functions"},"message":"[worker-mailer-c2222056-3795-4945-971a-76a24ea47fa1]: BUSY"}}
[debug] [2021-01-26T19:58:59.865Z] [runtime-status] [1172] Functions runtime initialized. {"cwd":"C:\\Users\\wmp2_000\\Documents\\henry-app\\functions","node_version":"12.19.0"} {"metadata":{"emulator":{"name":"functions"},"function":{"name":"mailer"},"message":"[runtime-status] [1172] Functions runtime initialized. {\"cwd\":\"C:\\\\Users\\\\wmp2_000\\\\Documents\\\\henry-app\\\\functions\",\"node_version\":\"12.19.0\"}"}}
[debug] [2021-01-26T19:58:59.867Z] [runtime-status] [1172] Disabled runtime features: undefined {"metadata":{"emulator":{"name":"functions"},"function":{"name":"mailer"},"message":"[runtime-status] [1172] Disabled runtime features: undefined"}}
[debug] [2021-01-26T19:58:59.952Z] [runtime-status] [1172] Resolved module firebase-admin {"declared":true,"installed":true,"version":"9.4.2","resolution":"C:\\Users\\wmp2_000\\Documents\\henry-app\\functions\\node_modules\\firebase-admin\\lib\\index.js"} {"metadata":{"emulator":{"name":"functions"},"function":{"name":"mailer"},"message":"[runtime-status] [1172] Resolved module firebase-admin {\"declared\":true,\"installed\":true,\"version\":\"9.4.2\",\"resolution\":\"C:\\\\Users\\\\wmp2_000\\\\Documents\\\\henry-app\\\\functions\\\\node_modules\\\\firebase-admin\\\\lib\\\\index.js\"}"}}
[debug] [2021-01-26T19:58:59.986Z] [runtime-status] [1172] Resolved module firebase-functions {"declared":true,"installed":true,"version":"3.13.1","resolution":"C:\\Users\\wmp2_000\\Documents\\henry-app\\functions\\node_modules\\firebase-functions\\lib\\index.js"} {"metadata":{"emulator":{"name":"functions"},"function":{"name":"mailer"},"message":"[runtime-status] [1172] Resolved module firebase-functions {\"declared\":true,\"installed\":true,\"version\":\"3.13.1\",\"resolution\":\"C:\\\\Users\\\\wmp2_000\\\\Documents\\\\henry-app\\\\functions\\\\node_modules\\\\firebase-functions\\\\lib\\\\index.js\"}"}}
[debug] [2021-01-26T19:58:59.988Z] [runtime-status] [1172] Resolved module firebase-functions {"declared":true,"installed":true,"version":"3.13.1","resolution":"C:\\Users\\wmp2_000\\Documents\\henry-app\\functions\\node_modules\\firebase-functions\\lib\\index.js"} {"metadata":{"emulator":{"name":"functions"},"function":{"name":"mailer"},"message":"[runtime-status] [1172] Resolved module firebase-functions {\"declared\":true,\"installed\":true,\"version\":\"3.13.1\",\"resolution\":\"C:\\\\Users\\\\wmp2_000\\\\Documents\\\\henry-app\\\\functions\\\\node_modules\\\\firebase-functions\\\\lib\\\\index.js\"}"}}
[debug] [2021-01-26T19:58:59.991Z] [runtime-status] [1172] Outgoing network have been stubbed. [{"name":"http","status":"mocked"},{"name":"http","status":"mocked"},{"name":"https","status":"mocked"},{"name":"https","status":"mocked"},{"name":"net","status":"mocked"}] {"metadata":{"emulator":{"name":"functions"},"function":{"name":"mailer"},"message":"[runtime-status] [1172] Outgoing network have been stubbed. [{\"name\":\"http\",\"status\":\"mocked\"},{\"name\":\"http\",\"status\":\"mocked\"},{\"name\":\"https\",\"status\":\"mocked\"},{\"name\":\"https\",\"status\":\"mocked\"},{\"name\":\"net\",\"status\":\"mocked\"}]"}}
[debug] [2021-01-26T19:58:59.993Z] [runtime-status] [1172] Resolved module firebase-functions {"declared":true,"installed":true,"version":"3.13.1","resolution":"C:\\Users\\wmp2_000\\Documents\\henry-app\\functions\\node_modules\\firebase-functions\\lib\\index.js"} {"metadata":{"emulator":{"name":"functions"},"function":{"name":"mailer"},"message":"[runtime-status] [1172] Resolved module firebase-functions {\"declared\":true,\"installed\":true,\"version\":\"3.13.1\",\"resolution\":\"C:\\\\Users\\\\wmp2_000\\\\Documents\\\\henry-app\\\\functions\\\\node_modules\\\\firebase-functions\\\\lib\\\\index.js\"}"}}
[debug] [2021-01-26T19:59:01.449Z] [runtime-status] [1172] Checked functions.config() {"config":{}} {"metadata":{"emulator":{"name":"functions"},"function":{"name":"mailer"},"message":"[runtime-status] [1172] Checked functions.config() {\"config\":{}}"}}
[debug] [2021-01-26T19:59:01.449Z] [runtime-status] [1172] firebase-functions has been stubbed. {"functionsResolution":{"declared":true,"installed":true,"version":"3.13.1","resolution":"C:\\Users\\wmp2_000\\Documents\\henry-app\\functions\\node_modules\\firebase-functions\\lib\\index.js"}} {"metadata":{"emulator":{"name":"functions"},"function":{"name":"mailer"},"message":"[runtime-status] [1172] firebase-functions has been stubbed. {\"functionsResolution\":{\"declared\":true,\"installed\":true,\"version\":\"3.13.1\",\"resolution\":\"C:\\\\Users\\\\wmp2_000\\\\Documents\\\\henry-app\\\\functions\\\\node_modules\\\\firebase-functions\\\\lib\\\\index.js\"}}"}}
[debug] [2021-01-26T19:59:01.451Z] [runtime-status] [1172] Resolved module firebase-functions {"declared":true,"installed":true,"version":"3.13.1","resolution":"C:\\Users\\wmp2_000\\Documents\\henry-app\\functions\\node_modules\\firebase-functions\\lib\\index.js"} {"metadata":{"emulator":{"name":"functions"},"function":{"name":"mailer"},"message":"[runtime-status] [1172] Resolved module firebase-functions {\"declared\":true,\"installed\":true,\"version\":\"3.13.1\",\"resolution\":\"C:\\\\Users\\\\wmp2_000\\\\Documents\\\\henry-app\\\\functions\\\\node_modules\\\\firebase-functions\\\\lib\\\\index.js\"}"}}
[debug] [2021-01-26T19:59:01.454Z] [runtime-status] [1172] Resolved module firebase-admin {"declared":true,"installed":true,"version":"9.4.2","resolution":"C:\\Users\\wmp2_000\\Documents\\henry-app\\functions\\node_modules\\firebase-admin\\lib\\index.js"} {"metadata":{"emulator":{"name":"functions"},"function":{"name":"mailer"},"message":"[runtime-status] [1172] Resolved module firebase-admin {\"declared\":true,\"installed\":true,\"version\":\"9.4.2\",\"resolution\":\"C:\\\\Users\\\\wmp2_000\\\\Documents\\\\henry-app\\\\functions\\\\node_modules\\\\firebase-admin\\\\lib\\\\index.js\"}"}}
[debug] [2021-01-26T19:59:01.455Z] [runtime-status] [1172] Resolved module firebase-functions {"declared":true,"installed":true,"version":"3.13.1","resolution":"C:\\Users\\wmp2_000\\Documents\\henry-app\\functions\\node_modules\\firebase-functions\\lib\\index.js"} {"metadata":{"emulator":{"name":"functions"},"function":{"name":"mailer"},"message":"[runtime-status] [1172] Resolved module firebase-functions {\"declared\":true,\"installed\":true,\"version\":\"3.13.1\",\"resolution\":\"C:\\\\Users\\\\wmp2_000\\\\Documents\\\\henry-app\\\\functions\\\\node_modules\\\\firebase-functions\\\\lib\\\\index.js\"}"}}
[debug] [2021-01-26T19:59:01.456Z] [runtime-status] [1172] firebase-admin has been stubbed. {"adminResolution":{"declared":true,"installed":true,"version":"9.4.2","resolution":"C:\\Users\\wmp2_000\\Documents\\henry-app\\functions\\node_modules\\firebase-admin\\lib\\index.js"}} {"metadata":{"emulator":{"name":"functions"},"function":{"name":"mailer"},"message":"[runtime-status] [1172] firebase-admin has been stubbed. {\"adminResolution\":{\"declared\":true,\"installed\":true,\"version\":\"9.4.2\",\"resolution\":\"C:\\\\Users\\\\wmp2_000\\\\Documents\\\\henry-app\\\\functions\\\\node_modules\\\\firebase-admin\\\\lib\\\\index.js\"}}"}}
[debug] [2021-01-26T19:59:09.095Z] [runtime-status] [1172] Trigger "mailer" has been found, beginning invocation! {"metadata":{"emulator":{"name":"functions"},"function":{"name":"mailer"},"message":"[runtime-status] [1172] Trigger \"mailer\" has been found, beginning invocation!"}}
[info] i  functions: Beginning execution of "mailer" {"metadata":{"emulator":{"name":"functions"},"function":{"name":"mailer"},"message":"Beginning execution of \"mailer\""}}
[debug] [2021-01-26T19:59:09.100Z] [runtime-status] [1172] triggerDefinition {"httpsTrigger":{},"name":"mailer","entryPoint":"mailer"} {"metadata":{"emulator":{"name":"functions"},"function":{"name":"mailer"},"message":"[runtime-status] [1172] triggerDefinition {\"httpsTrigger\":{},\"name\":\"mailer\",\"entryPoint\":\"mailer\"}"}}
[debug] [2021-01-26T19:59:09.100Z] [runtime-status] [1172] Running mailer in mode HTTPS {"metadata":{"emulator":{"name":"functions"},"function":{"name":"mailer"},"message":"[runtime-status] [1172] Running mailer in mode HTTPS"}}
[debug] [2021-01-26T19:59:09.250Z] [runtime-status] [1172] Attempting to listen to socketPath: \\?\pipe\C:\Users\wmp2_000\Documents\henry-app\functions\1172 {"metadata":{"emulator":{"name":"functions"},"function":{"name":"mailer"},"message":"[runtime-status] [1172] Attempting to listen to socketPath: \\\\?\\pipe\\C:\\Users\\wmp2_000\\Documents\\henry-app\\functions\\1172"}}
[debug] [2021-01-26T19:59:09.382Z] [functions] Runtime ready! Sending request! {"metadata":{"emulator":{"name":"functions"},"message":"[functions] Runtime ready! Sending request!"}}
[debug] [2021-01-26T19:59:09.384Z] [functions] Got req.url=/henry-app-50edd/us-central1/mailer, mapping to path=/ {"metadata":{"emulator":{"name":"functions"},"message":"[functions] Got req.url=/henry-app-50edd/us-central1/mailer, mapping to path=/"}}
[debug] [2021-01-26T19:59:09.397Z] [runtime-status] [1172] Ephemeral server handling OPTIONS request {"metadata":{"emulator":{"name":"functions"},"function":{"name":"mailer"},"message":"[runtime-status] [1172] Ephemeral server handling OPTIONS request"}}
[debug] [2021-01-26T19:59:09.427Z] [runtime-status] [1172] Ephemeral server survived. {"metadata":{"emulator":{"name":"functions"},"function":{"name":"mailer"},"message":"[runtime-status] [1172] Ephemeral server survived."}}
[info] i  functions: Finished "mailer" in ~1s {"metadata":{"emulator":{"name":"functions"},"function":{"name":"mailer"},"message":"Finished \"mailer\" in ~1s"}}
[debug] [2021-01-26T19:59:09.452Z] [worker-mailer-c2222056-3795-4945-971a-76a24ea47fa1]: IDLE {"metadata":{"emulator":{"name":"functions"},"message":"[worker-mailer-c2222056-3795-4945-971a-76a24ea47fa1]: IDLE"}}
[debug] [2021-01-26T19:59:09.453Z] [work-queue] {"queueLength":0,"workRunningCount":0}
[debug] [2021-01-26T19:59:09.454Z] [work-queue] {"queueLength":1,"workRunningCount":0}
[debug] [2021-01-26T19:59:09.455Z] [work-queue] {"queueLength":0,"workRunningCount":1}
[debug] [2021-01-26T19:59:09.455Z] Accepted request POST /henry-app-50edd/us-central1/mailer --> mailer
[debug] [2021-01-26T19:59:09.455Z] [worker-pool] submitWork(triggerId=mailer) {"metadata":{"emulator":{"name":"functions"},"message":"[worker-pool] submitWork(triggerId=mailer)"}}
[debug] [2021-01-26T19:59:09.457Z] [worker-mailer-c2222056-3795-4945-971a-76a24ea47fa1]: Assigning socketPath: \\?\pipe\C:\Users\wmp2_000\Documents\henry-app\functions\1172 {"metadata":{"emulator":{"name":"functions"},"message":"[worker-mailer-c2222056-3795-4945-971a-76a24ea47fa1]: Assigning socketPath: \\\\?\\pipe\\C:\\Users\\wmp2_000\\Documents\\henry-app\\functions\\1172"}}
[debug] [2021-01-26T19:59:09.457Z] [worker-mailer-c2222056-3795-4945-971a-76a24ea47fa1]: BUSY {"metadata":{"emulator":{"name":"functions"},"message":"[worker-mailer-c2222056-3795-4945-971a-76a24ea47fa1]: BUSY"}}
[debug] [2021-01-26T19:59:09.460Z] [runtime-status] [1172] Trigger "mailer" has been found, beginning invocation! {"metadata":{"emulator":{"name":"functions"},"function":{"name":"mailer"},"message":"[runtime-status] [1172] Trigger \"mailer\" has been found, beginning invocation!"}}
[info] i  functions: Beginning execution of "mailer" {"metadata":{"emulator":{"name":"functions"},"function":{"name":"mailer"},"message":"Beginning execution of \"mailer\""}}
[debug] [2021-01-26T19:59:09.471Z] [runtime-status] [1172] triggerDefinition {"httpsTrigger":{},"name":"mailer","entryPoint":"mailer"} {"metadata":{"emulator":{"name":"functions"},"function":{"name":"mailer"},"message":"[runtime-status] [1172] triggerDefinition {\"httpsTrigger\":{},\"name\":\"mailer\",\"entryPoint\":\"mailer\"}"}}
[debug] [2021-01-26T19:59:09.472Z] [runtime-status] [1172] Running mailer in mode HTTPS {"metadata":{"emulator":{"name":"functions"},"function":{"name":"mailer"},"message":"[runtime-status] [1172] Running mailer in mode HTTPS"}}
[debug] [2021-01-26T19:59:09.472Z] [runtime-status] [1172] Attempting to listen to socketPath: \\?\pipe\C:\Users\wmp2_000\Documents\henry-app\functions\1172 {"metadata":{"emulator":{"name":"functions"},"function":{"name":"mailer"},"message":"[runtime-status] [1172] Attempting to listen to socketPath: \\\\?\\pipe\\C:\\Users\\wmp2_000\\Documents\\henry-app\\functions\\1172"}}
[debug] [2021-01-26T19:59:09.477Z] [functions] Runtime ready! Sending request! {"metadata":{"emulator":{"name":"functions"},"message":"[functions] Runtime ready! Sending request!"}}
[debug] [2021-01-26T19:59:09.478Z] [functions] Got req.url=/henry-app-50edd/us-central1/mailer, mapping to path=/ {"metadata":{"emulator":{"name":"functions"},"message":"[functions] Got req.url=/henry-app-50edd/us-central1/mailer, mapping to path=/"}}
[debug] [2021-01-26T19:59:10.454Z] [runtime-status] [1172] Ephemeral server handling POST request {"metadata":{"emulator":{"name":"functions"},"function":{"name":"mailer"},"message":"[runtime-status] [1172] Ephemeral server handling POST request"}}
[debug] [2021-01-26T19:59:10.551Z] [runtime-status] [1172] Ephemeral server survived. {"metadata":{"emulator":{"name":"functions"},"function":{"name":"mailer"},"message":"[runtime-status] [1172] Ephemeral server survived."}}
[info] i  functions: Finished "mailer" in ~2s {"metadata":{"emulator":{"name":"functions"},"function":{"name":"mailer"},"message":"Finished \"mailer\" in ~2s"}}
[debug] [2021-01-26T19:59:12.750Z] [worker-mailer-c2222056-3795-4945-971a-76a24ea47fa1]: IDLE {"metadata":{"emulator":{"name":"functions"},"message":"[worker-mailer-c2222056-3795-4945-971a-76a24ea47fa1]: IDLE"}}
[debug] [2021-01-26T19:59:12.751Z] [work-queue] {"queueLength":0,"workRunningCount":0}
[debug] [2021-01-26T20:01:28.418Z] [work-queue] {"queueLength":1,"workRunningCount":0}
[debug] [2021-01-26T20:01:28.418Z] [work-queue] {"queueLength":0,"workRunningCount":1}
[debug] [2021-01-26T20:01:28.418Z] Accepted request OPTIONS /henry-app-50edd/us-central1/mailer --> mailer
[debug] [2021-01-26T20:01:28.419Z] [worker-pool] submitWork(triggerId=mailer) {"metadata":{"emulator":{"name":"functions"},"message":"[worker-pool] submitWork(triggerId=mailer)"}}
[debug] [2021-01-26T20:01:28.419Z] [worker-mailer-c2222056-3795-4945-971a-76a24ea47fa1]: Assigning socketPath: \\?\pipe\C:\Users\wmp2_000\Documents\henry-app\functions\1172 {"metadata":{"emulator":{"name":"functions"},"message":"[worker-mailer-c2222056-3795-4945-971a-76a24ea47fa1]: Assigning socketPath: \\\\?\\pipe\\C:\\Users\\wmp2_000\\Documents\\henry-app\\functions\\1172"}}
[debug] [2021-01-26T20:01:28.420Z] [worker-mailer-c2222056-3795-4945-971a-76a24ea47fa1]: BUSY {"metadata":{"emulator":{"name":"functions"},"message":"[worker-mailer-c2222056-3795-4945-971a-76a24ea47fa1]: BUSY"}}
[debug] [2021-01-26T20:01:28.421Z] [runtime-status] [1172] Trigger "mailer" has been found, beginning invocation! {"metadata":{"emulator":{"name":"functions"},"function":{"name":"mailer"},"message":"[runtime-status] [1172] Trigger \"mailer\" has been found, beginning invocation!"}}
[info] i  functions: Beginning execution of "mailer" {"metadata":{"emulator":{"name":"functions"},"function":{"name":"mailer"},"message":"Beginning execution of \"mailer\""}}
[debug] [2021-01-26T20:01:28.425Z] [runtime-status] [1172] triggerDefinition {"httpsTrigger":{},"name":"mailer","entryPoint":"mailer"} {"metadata":{"emulator":{"name":"functions"},"function":{"name":"mailer"},"message":"[runtime-status] [1172] triggerDefinition {\"httpsTrigger\":{},\"name\":\"mailer\",\"entryPoint\":\"mailer\"}"}}
[debug] [2021-01-26T20:01:28.426Z] [runtime-status] [1172] Running mailer in mode HTTPS {"metadata":{"emulator":{"name":"functions"},"function":{"name":"mailer"},"message":"[runtime-status] [1172] Running mailer in mode HTTPS"}}
[debug] [2021-01-26T20:01:28.427Z] [runtime-status] [1172] Attempting to listen to socketPath: \\?\pipe\C:\Users\wmp2_000\Documents\henry-app\functions\1172 {"metadata":{"emulator":{"name":"functions"},"function":{"name":"mailer"},"message":"[runtime-status] [1172] Attempting to listen to socketPath: \\\\?\\pipe\\C:\\Users\\wmp2_000\\Documents\\henry-app\\functions\\1172"}}
[debug] [2021-01-26T20:01:28.431Z] [functions] Runtime ready! Sending request! {"metadata":{"emulator":{"name":"functions"},"message":"[functions] Runtime ready! Sending request!"}}
[debug] [2021-01-26T20:01:28.431Z] [functions] Got req.url=/henry-app-50edd/us-central1/mailer, mapping to path=/ {"metadata":{"emulator":{"name":"functions"},"message":"[functions] Got req.url=/henry-app-50edd/us-central1/mailer, mapping to path=/"}}
[debug] [2021-01-26T20:01:28.435Z] [work-queue] {"queueLength":1,"workRunningCount":1}
[debug] [2021-01-26T20:01:28.436Z] [work-queue] {"queueLength":0,"workRunningCount":2}
[debug] [2021-01-26T20:01:28.436Z] Accepted request OPTIONS /henry-app-50edd/us-central1/mailer --> mailer
[debug] [2021-01-26T20:01:28.444Z] [worker-pool] addWorker(mailer) {"metadata":{"emulator":{"name":"functions"},"message":"[worker-pool] addWorker(mailer)"}}
[debug] [2021-01-26T20:01:28.444Z] [worker-pool] Adding worker with key mailer, total=2 {"metadata":{"emulator":{"name":"functions"},"message":"[worker-pool] Adding worker with key mailer, total=2"}}
[debug] [2021-01-26T20:01:28.444Z] [worker-pool] submitWork(triggerId=mailer) {"metadata":{"emulator":{"name":"functions"},"message":"[worker-pool] submitWork(triggerId=mailer)"}}
[debug] [2021-01-26T20:01:28.445Z] [worker-mailer-b0feb085-2b85-4bb9-9d9e-52e1d9151f21]: Assigning socketPath: \\?\pipe\C:\Users\wmp2_000\Documents\henry-app\functions\7124 {"metadata":{"emulator":{"name":"functions"},"message":"[worker-mailer-b0feb085-2b85-4bb9-9d9e-52e1d9151f21]: Assigning socketPath: \\\\?\\pipe\\C:\\Users\\wmp2_000\\Documents\\henry-app\\functions\\7124"}}
[debug] [2021-01-26T20:01:28.445Z] [worker-mailer-b0feb085-2b85-4bb9-9d9e-52e1d9151f21]: BUSY {"metadata":{"emulator":{"name":"functions"},"message":"[worker-mailer-b0feb085-2b85-4bb9-9d9e-52e1d9151f21]: BUSY"}}
[debug] [2021-01-26T20:01:28.448Z] [runtime-status] [1172] Ephemeral server handling OPTIONS request {"metadata":{"emulator":{"name":"functions"},"function":{"name":"mailer"},"message":"[runtime-status] [1172] Ephemeral server handling OPTIONS request"}}
[debug] [2021-01-26T20:01:28.449Z] [runtime-status] [1172] Ephemeral server survived. {"metadata":{"emulator":{"name":"functions"},"function":{"name":"mailer"},"message":"[runtime-status] [1172] Ephemeral server survived."}}
[info] i  functions: Finished "mailer" in ~1s {"metadata":{"emulator":{"name":"functions"},"function":{"name":"mailer"},"message":"Finished \"mailer\" in ~1s"}}
[debug] [2021-01-26T20:01:28.475Z] [work-queue] {"queueLength":1,"workRunningCount":2}
[debug] [2021-01-26T20:01:28.475Z] [work-queue] {"queueLength":0,"workRunningCount":3}
[debug] [2021-01-26T20:01:28.475Z] Accepted request POST /henry-app-50edd/us-central1/mailer --> mailer
[debug] [2021-01-26T20:01:28.482Z] [worker-pool] addWorker(mailer) {"metadata":{"emulator":{"name":"functions"},"message":"[worker-pool] addWorker(mailer)"}}
[debug] [2021-01-26T20:01:28.482Z] [worker-pool] Adding worker with key mailer, total=3 {"metadata":{"emulator":{"name":"functions"},"message":"[worker-pool] Adding worker with key mailer, total=3"}}
[debug] [2021-01-26T20:01:28.482Z] [worker-pool] submitWork(triggerId=mailer) {"metadata":{"emulator":{"name":"functions"},"message":"[worker-pool] submitWork(triggerId=mailer)"}}
[debug] [2021-01-26T20:01:28.482Z] [worker-mailer-8c6009f9-dae1-4c32-8c34-0c1b6835c48c]: Assigning socketPath: \\?\pipe\C:\Users\wmp2_000\Documents\henry-app\functions\5740 {"metadata":{"emulator":{"name":"functions"},"message":"[worker-mailer-8c6009f9-dae1-4c32-8c34-0c1b6835c48c]: Assigning socketPath: \\\\?\\pipe\\C:\\Users\\wmp2_000\\Documents\\henry-app\\functions\\5740"}}
[debug] [2021-01-26T20:01:28.483Z] [worker-mailer-8c6009f9-dae1-4c32-8c34-0c1b6835c48c]: BUSY {"metadata":{"emulator":{"name":"functions"},"message":"[worker-mailer-8c6009f9-dae1-4c32-8c34-0c1b6835c48c]: BUSY"}}
[debug] [2021-01-26T20:01:28.485Z] [worker-mailer-c2222056-3795-4945-971a-76a24ea47fa1]: IDLE {"metadata":{"emulator":{"name":"functions"},"message":"[worker-mailer-c2222056-3795-4945-971a-76a24ea47fa1]: IDLE"}}
[debug] [2021-01-26T20:01:28.485Z] [work-queue] {"queueLength":0,"workRunningCount":2}
[debug] [2021-01-26T20:01:29.031Z] [runtime-status] [5740] Functions runtime initialized. {"cwd":"C:\\Users\\wmp2_000\\Documents\\henry-app\\functions","node_version":"12.19.0"} {"metadata":{"emulator":{"name":"functions"},"function":{"name":"mailer"},"message":"[runtime-status] [5740] Functions runtime initialized. {\"cwd\":\"C:\\\\Users\\\\wmp2_000\\\\Documents\\\\henry-app\\\\functions\",\"node_version\":\"12.19.0\"}"}}
[debug] [2021-01-26T20:01:29.035Z] [runtime-status] [5740] Disabled runtime features: undefined {"metadata":{"emulator":{"name":"functions"},"function":{"name":"mailer"},"message":"[runtime-status] [5740] Disabled runtime features: undefined"}}
[debug] [2021-01-26T20:01:29.042Z] [runtime-status] [5740] Resolved module firebase-admin {"declared":true,"installed":true,"version":"9.4.2","resolution":"C:\\Users\\wmp2_000\\Documents\\henry-app\\functions\\node_modules\\firebase-admin\\lib\\index.js"} {"metadata":{"emulator":{"name":"functions"},"function":{"name":"mailer"},"message":"[runtime-status] [5740] Resolved module firebase-admin {\"declared\":true,\"installed\":true,\"version\":\"9.4.2\",\"resolution\":\"C:\\\\Users\\\\wmp2_000\\\\Documents\\\\henry-app\\\\functions\\\\node_modules\\\\firebase-admin\\\\lib\\\\index.js\"}"}}
[debug] [2021-01-26T20:01:29.046Z] [runtime-status] [5740] Resolved module firebase-functions {"declared":true,"installed":true,"version":"3.13.1","resolution":"C:\\Users\\wmp2_000\\Documents\\henry-app\\functions\\node_modules\\firebase-functions\\lib\\index.js"} {"metadata":{"emulator":{"name":"functions"},"function":{"name":"mailer"},"message":"[runtime-status] [5740] Resolved module firebase-functions {\"declared\":true,\"installed\":true,\"version\":\"3.13.1\",\"resolution\":\"C:\\\\Users\\\\wmp2_000\\\\Documents\\\\henry-app\\\\functions\\\\node_modules\\\\firebase-functions\\\\lib\\\\index.js\"}"}}
[debug] [2021-01-26T20:01:29.049Z] [runtime-status] [5740] Resolved module firebase-functions {"declared":true,"installed":true,"version":"3.13.1","resolution":"C:\\Users\\wmp2_000\\Documents\\henry-app\\functions\\node_modules\\firebase-functions\\lib\\index.js"} {"metadata":{"emulator":{"name":"functions"},"function":{"name":"mailer"},"message":"[runtime-status] [5740] Resolved module firebase-functions {\"declared\":true,\"installed\":true,\"version\":\"3.13.1\",\"resolution\":\"C:\\\\Users\\\\wmp2_000\\\\Documents\\\\henry-app\\\\functions\\\\node_modules\\\\firebase-functions\\\\lib\\\\index.js\"}"}}
[debug] [2021-01-26T20:01:29.056Z] [runtime-status] [5740] Outgoing network have been stubbed. [{"name":"http","status":"mocked"},{"name":"http","status":"mocked"},{"name":"https","status":"mocked"},{"name":"https","status":"mocked"},{"name":"net","status":"mocked"}] {"metadata":{"emulator":{"name":"functions"},"function":{"name":"mailer"},"message":"[runtime-status] [5740] Outgoing network have been stubbed. [{\"name\":\"http\",\"status\":\"mocked\"},{\"name\":\"http\",\"status\":\"mocked\"},{\"name\":\"https\",\"status\":\"mocked\"},{\"name\":\"https\",\"status\":\"mocked\"},{\"name\":\"net\",\"status\":\"mocked\"}]"}}
[debug] [2021-01-26T20:01:29.058Z] [runtime-status] [5740] Resolved module firebase-functions {"declared":true,"installed":true,"version":"3.13.1","resolution":"C:\\Users\\wmp2_000\\Documents\\henry-app\\functions\\node_modules\\firebase-functions\\lib\\index.js"} {"metadata":{"emulator":{"name":"functions"},"function":{"name":"mailer"},"message":"[runtime-status] [5740] Resolved module firebase-functions {\"declared\":true,\"installed\":true,\"version\":\"3.13.1\",\"resolution\":\"C:\\\\Users\\\\wmp2_000\\\\Documents\\\\henry-app\\\\functions\\\\node_modules\\\\firebase-functions\\\\lib\\\\index.js\"}"}}
[debug] [2021-01-26T20:01:29.082Z] [runtime-status] [7124] Functions runtime initialized. {"cwd":"C:\\Users\\wmp2_000\\Documents\\henry-app\\functions","node_version":"12.19.0"} {"metadata":{"emulator":{"name":"functions"},"function":{"name":"mailer"},"message":"[runtime-status] [7124] Functions runtime initialized. {\"cwd\":\"C:\\\\Users\\\\wmp2_000\\\\Documents\\\\henry-app\\\\functions\",\"node_version\":\"12.19.0\"}"}}
[debug] [2021-01-26T20:01:29.085Z] [runtime-status] [7124] Disabled runtime features: undefined {"metadata":{"emulator":{"name":"functions"},"function":{"name":"mailer"},"message":"[runtime-status] [7124] Disabled runtime features: undefined"}}
[debug] [2021-01-26T20:01:29.093Z] [runtime-status] [7124] Resolved module firebase-admin {"declared":true,"installed":true,"version":"9.4.2","resolution":"C:\\Users\\wmp2_000\\Documents\\henry-app\\functions\\node_modules\\firebase-admin\\lib\\index.js"} {"metadata":{"emulator":{"name":"functions"},"function":{"name":"mailer"},"message":"[runtime-status] [7124] Resolved module firebase-admin {\"declared\":true,\"installed\":true,\"version\":\"9.4.2\",\"resolution\":\"C:\\\\Users\\\\wmp2_000\\\\Documents\\\\henry-app\\\\functions\\\\node_modules\\\\firebase-admin\\\\lib\\\\index.js\"}"}}
[debug] [2021-01-26T20:01:29.106Z] [runtime-status] [7124] Resolved module firebase-functions {"declared":true,"installed":true,"version":"3.13.1","resolution":"C:\\Users\\wmp2_000\\Documents\\henry-app\\functions\\node_modules\\firebase-functions\\lib\\index.js"} {"metadata":{"emulator":{"name":"functions"},"function":{"name":"mailer"},"message":"[runtime-status] [7124] Resolved module firebase-functions {\"declared\":true,\"installed\":true,\"version\":\"3.13.1\",\"resolution\":\"C:\\\\Users\\\\wmp2_000\\\\Documents\\\\henry-app\\\\functions\\\\node_modules\\\\firebase-functions\\\\lib\\\\index.js\"}"}}
[debug] [2021-01-26T20:01:29.108Z] [runtime-status] [7124] Resolved module firebase-functions {"declared":true,"installed":true,"version":"3.13.1","resolution":"C:\\Users\\wmp2_000\\Documents\\henry-app\\functions\\node_modules\\firebase-functions\\lib\\index.js"} {"metadata":{"emulator":{"name":"functions"},"function":{"name":"mailer"},"message":"[runtime-status] [7124] Resolved module firebase-functions {\"declared\":true,\"installed\":true,\"version\":\"3.13.1\",\"resolution\":\"C:\\\\Users\\\\wmp2_000\\\\Documents\\\\henry-app\\\\functions\\\\node_modules\\\\firebase-functions\\\\lib\\\\index.js\"}"}}
[debug] [2021-01-26T20:01:29.113Z] [runtime-status] [7124] Outgoing network have been stubbed. [{"name":"http","status":"mocked"},{"name":"http","status":"mocked"},{"name":"https","status":"mocked"},{"name":"https","status":"mocked"},{"name":"net","status":"mocked"}] {"metadata":{"emulator":{"name":"functions"},"function":{"name":"mailer"},"message":"[runtime-status] [7124] Outgoing network have been stubbed. [{\"name\":\"http\",\"status\":\"mocked\"},{\"name\":\"http\",\"status\":\"mocked\"},{\"name\":\"https\",\"status\":\"mocked\"},{\"name\":\"https\",\"status\":\"mocked\"},{\"name\":\"net\",\"status\":\"mocked\"}]"}}
[debug] [2021-01-26T20:01:29.115Z] [runtime-status] [7124] Resolved module firebase-functions {"declared":true,"installed":true,"version":"3.13.1","resolution":"C:\\Users\\wmp2_000\\Documents\\henry-app\\functions\\node_modules\\firebase-functions\\lib\\index.js"} {"metadata":{"emulator":{"name":"functions"},"function":{"name":"mailer"},"message":"[runtime-status] [7124] Resolved module firebase-functions {\"declared\":true,\"installed\":true,\"version\":\"3.13.1\",\"resolution\":\"C:\\\\Users\\\\wmp2_000\\\\Documents\\\\henry-app\\\\functions\\\\node_modules\\\\firebase-functions\\\\lib\\\\index.js\"}"}}
[debug] [2021-01-26T20:01:29.171Z] [runtime-status] [5740] Checked functions.config() {"config":{}} {"metadata":{"emulator":{"name":"functions"},"function":{"name":"mailer"},"message":"[runtime-status] [5740] Checked functions.config() {\"config\":{}}"}}
[debug] [2021-01-26T20:01:29.179Z] [runtime-status] [5740] firebase-functions has been stubbed. {"functionsResolution":{"declared":true,"installed":true,"version":"3.13.1","resolution":"C:\\Users\\wmp2_000\\Documents\\henry-app\\functions\\node_modules\\firebase-functions\\lib\\index.js"}} {"metadata":{"emulator":{"name":"functions"},"function":{"name":"mailer"},"message":"[runtime-status] [5740] firebase-functions has been stubbed. {\"functionsResolution\":{\"declared\":true,\"installed\":true,\"version\":\"3.13.1\",\"resolution\":\"C:\\\\Users\\\\wmp2_000\\\\Documents\\\\henry-app\\\\functions\\\\node_modules\\\\firebase-functions\\\\lib\\\\index.js\"}}"}}
[debug] [2021-01-26T20:01:29.183Z] [runtime-status] [5740] Resolved module firebase-functions {"declared":true,"installed":true,"version":"3.13.1","resolution":"C:\\Users\\wmp2_000\\Documents\\henry-app\\functions\\node_modules\\firebase-functions\\lib\\index.js"} {"metadata":{"emulator":{"name":"functions"},"function":{"name":"mailer"},"message":"[runtime-status] [5740] Resolved module firebase-functions {\"declared\":true,\"installed\":true,\"version\":\"3.13.1\",\"resolution\":\"C:\\\\Users\\\\wmp2_000\\\\Documents\\\\henry-app\\\\functions\\\\node_modules\\\\firebase-functions\\\\lib\\\\index.js\"}"}}
[debug] [2021-01-26T20:01:29.183Z] [runtime-status] [5740] Resolved module firebase-admin {"declared":true,"installed":true,"version":"9.4.2","resolution":"C:\\Users\\wmp2_000\\Documents\\henry-app\\functions\\node_modules\\firebase-admin\\lib\\index.js"} {"metadata":{"emulator":{"name":"functions"},"function":{"name":"mailer"},"message":"[runtime-status] [5740] Resolved module firebase-admin {\"declared\":true,\"installed\":true,\"version\":\"9.4.2\",\"resolution\":\"C:\\\\Users\\\\wmp2_000\\\\Documents\\\\henry-app\\\\functions\\\\node_modules\\\\firebase-admin\\\\lib\\\\index.js\"}"}}
[debug] [2021-01-26T20:01:29.183Z] [runtime-status] [5740] Resolved module firebase-functions {"declared":true,"installed":true,"version":"3.13.1","resolution":"C:\\Users\\wmp2_000\\Documents\\henry-app\\functions\\node_modules\\firebase-functions\\lib\\index.js"} {"metadata":{"emulator":{"name":"functions"},"function":{"name":"mailer"},"message":"[runtime-status] [5740] Resolved module firebase-functions {\"declared\":true,\"installed\":true,\"version\":\"3.13.1\",\"resolution\":\"C:\\\\Users\\\\wmp2_000\\\\Documents\\\\henry-app\\\\functions\\\\node_modules\\\\firebase-functions\\\\lib\\\\index.js\"}"}}
[debug] [2021-01-26T20:01:29.184Z] [runtime-status] [5740] firebase-admin has been stubbed. {"adminResolution":{"declared":true,"installed":true,"version":"9.4.2","resolution":"C:\\Users\\wmp2_000\\Documents\\henry-app\\functions\\node_modules\\firebase-admin\\lib\\index.js"}} {"metadata":{"emulator":{"name":"functions"},"function":{"name":"mailer"},"message":"[runtime-status] [5740] firebase-admin has been stubbed. {\"adminResolution\":{\"declared\":true,\"installed\":true,\"version\":\"9.4.2\",\"resolution\":\"C:\\\\Users\\\\wmp2_000\\\\Documents\\\\henry-app\\\\functions\\\\node_modules\\\\firebase-admin\\\\lib\\\\index.js\"}}"}}
[debug] [2021-01-26T20:01:29.228Z] [runtime-status] [7124] Checked functions.config() {"config":{}} {"metadata":{"emulator":{"name":"functions"},"function":{"name":"mailer"},"message":"[runtime-status] [7124] Checked functions.config() {\"config\":{}}"}}
[debug] [2021-01-26T20:01:29.229Z] [runtime-status] [7124] firebase-functions has been stubbed. {"functionsResolution":{"declared":true,"installed":true,"version":"3.13.1","resolution":"C:\\Users\\wmp2_000\\Documents\\henry-app\\functions\\node_modules\\firebase-functions\\lib\\index.js"}} {"metadata":{"emulator":{"name":"functions"},"function":{"name":"mailer"},"message":"[runtime-status] [7124] firebase-functions has been stubbed. {\"functionsResolution\":{\"declared\":true,\"installed\":true,\"version\":\"3.13.1\",\"resolution\":\"C:\\\\Users\\\\wmp2_000\\\\Documents\\\\henry-app\\\\functions\\\\node_modules\\\\firebase-functions\\\\lib\\\\index.js\"}}"}}
[debug] [2021-01-26T20:01:29.230Z] [runtime-status] [7124] Resolved module firebase-functions {"declared":true,"installed":true,"version":"3.13.1","resolution":"C:\\Users\\wmp2_000\\Documents\\henry-app\\functions\\node_modules\\firebase-functions\\lib\\index.js"} {"metadata":{"emulator":{"name":"functions"},"function":{"name":"mailer"},"message":"[runtime-status] [7124] Resolved module firebase-functions {\"declared\":true,\"installed\":true,\"version\":\"3.13.1\",\"resolution\":\"C:\\\\Users\\\\wmp2_000\\\\Documents\\\\henry-app\\\\functions\\\\node_modules\\\\firebase-functions\\\\lib\\\\index.js\"}"}}
[debug] [2021-01-26T20:01:29.233Z] [runtime-status] [7124] Resolved module firebase-admin {"declared":true,"installed":true,"version":"9.4.2","resolution":"C:\\Users\\wmp2_000\\Documents\\henry-app\\functions\\node_modules\\firebase-admin\\lib\\index.js"} {"metadata":{"emulator":{"name":"functions"},"function":{"name":"mailer"},"message":"[runtime-status] [7124] Resolved module firebase-admin {\"declared\":true,\"installed\":true,\"version\":\"9.4.2\",\"resolution\":\"C:\\\\Users\\\\wmp2_000\\\\Documents\\\\henry-app\\\\functions\\\\node_modules\\\\firebase-admin\\\\lib\\\\index.js\"}"}}
[debug] [2021-01-26T20:01:29.235Z] [runtime-status] [7124] Resolved module firebase-functions {"declared":true,"installed":true,"version":"3.13.1","resolution":"C:\\Users\\wmp2_000\\Documents\\henry-app\\functions\\node_modules\\firebase-functions\\lib\\index.js"} {"metadata":{"emulator":{"name":"functions"},"function":{"name":"mailer"},"message":"[runtime-status] [7124] Resolved module firebase-functions {\"declared\":true,\"installed\":true,\"version\":\"3.13.1\",\"resolution\":\"C:\\\\Users\\\\wmp2_000\\\\Documents\\\\henry-app\\\\functions\\\\node_modules\\\\firebase-functions\\\\lib\\\\index.js\"}"}}
[debug] [2021-01-26T20:01:29.236Z] [runtime-status] [7124] firebase-admin has been stubbed. {"adminResolution":{"declared":true,"installed":true,"version":"9.4.2","resolution":"C:\\Users\\wmp2_000\\Documents\\henry-app\\functions\\node_modules\\firebase-admin\\lib\\index.js"}} {"metadata":{"emulator":{"name":"functions"},"function":{"name":"mailer"},"message":"[runtime-status] [7124] firebase-admin has been stubbed. {\"adminResolution\":{\"declared\":true,\"installed\":true,\"version\":\"9.4.2\",\"resolution\":\"C:\\\\Users\\\\wmp2_000\\\\Documents\\\\henry-app\\\\functions\\\\node_modules\\\\firebase-admin\\\\lib\\\\index.js\"}}"}}
[debug] [2021-01-26T20:01:29.652Z] [runtime-status] [7124] Trigger "mailer" has been found, beginning invocation! {"metadata":{"emulator":{"name":"functions"},"function":{"name":"mailer"},"message":"[runtime-status] [7124] Trigger \"mailer\" has been found, beginning invocation!"}}
[info] i  functions: Beginning execution of "mailer" {"metadata":{"emulator":{"name":"functions"},"function":{"name":"mailer"},"message":"Beginning execution of \"mailer\""}}
[debug] [2021-01-26T20:01:29.662Z] [runtime-status] [7124] triggerDefinition {"httpsTrigger":{},"name":"mailer","entryPoint":"mailer"} {"metadata":{"emulator":{"name":"functions"},"function":{"name":"mailer"},"message":"[runtime-status] [7124] triggerDefinition {\"httpsTrigger\":{},\"name\":\"mailer\",\"entryPoint\":\"mailer\"}"}}
[debug] [2021-01-26T20:01:29.663Z] [runtime-status] [7124] Running mailer in mode HTTPS {"metadata":{"emulator":{"name":"functions"},"function":{"name":"mailer"},"message":"[runtime-status] [7124] Running mailer in mode HTTPS"}}
[debug] [2021-01-26T20:01:29.663Z] [runtime-status] [7124] Attempting to listen to socketPath: \\?\pipe\C:\Users\wmp2_000\Documents\henry-app\functions\7124 {"metadata":{"emulator":{"name":"functions"},"function":{"name":"mailer"},"message":"[runtime-status] [7124] Attempting to listen to socketPath: \\\\?\\pipe\\C:\\Users\\wmp2_000\\Documents\\henry-app\\functions\\7124"}}
[debug] [2021-01-26T20:01:29.664Z] [runtime-status] [5740] Trigger "mailer" has been found, beginning invocation! {"metadata":{"emulator":{"name":"functions"},"function":{"name":"mailer"},"message":"[runtime-status] [5740] Trigger \"mailer\" has been found, beginning invocation!"}}
[info] i  functions: Beginning execution of "mailer" {"metadata":{"emulator":{"name":"functions"},"function":{"name":"mailer"},"message":"Beginning execution of \"mailer\""}}
[debug] [2021-01-26T20:01:29.682Z] [functions] Runtime ready! Sending request! {"metadata":{"emulator":{"name":"functions"},"message":"[functions] Runtime ready! Sending request!"}}
[debug] [2021-01-26T20:01:29.682Z] [functions] Got req.url=/henry-app-50edd/us-central1/mailer, mapping to path=/ {"metadata":{"emulator":{"name":"functions"},"message":"[functions] Got req.url=/henry-app-50edd/us-central1/mailer, mapping to path=/"}}
[debug] [2021-01-26T20:01:29.684Z] [runtime-status] [5740] triggerDefinition {"httpsTrigger":{},"name":"mailer","entryPoint":"mailer"} {"metadata":{"emulator":{"name":"functions"},"function":{"name":"mailer"},"message":"[runtime-status] [5740] triggerDefinition {\"httpsTrigger\":{},\"name\":\"mailer\",\"entryPoint\":\"mailer\"}"}}
[debug] [2021-01-26T20:01:29.684Z] [runtime-status] [5740] Running mailer in mode HTTPS {"metadata":{"emulator":{"name":"functions"},"function":{"name":"mailer"},"message":"[runtime-status] [5740] Running mailer in mode HTTPS"}}
[debug] [2021-01-26T20:01:29.694Z] [runtime-status] [7124] Ephemeral server handling OPTIONS request {"metadata":{"emulator":{"name":"functions"},"function":{"name":"mailer"},"message":"[runtime-status] [7124] Ephemeral server handling OPTIONS request"}}
[debug] [2021-01-26T20:01:29.696Z] [runtime-status] [5740] Attempting to listen to socketPath: \\?\pipe\C:\Users\wmp2_000\Documents\henry-app\functions\5740 {"metadata":{"emulator":{"name":"functions"},"function":{"name":"mailer"},"message":"[runtime-status] [5740] Attempting to listen to socketPath: \\\\?\\pipe\\C:\\Users\\wmp2_000\\Documents\\henry-app\\functions\\5740"}}
[debug] [2021-01-26T20:01:29.708Z] [runtime-status] [7124] Ephemeral server survived. {"metadata":{"emulator":{"name":"functions"},"function":{"name":"mailer"},"message":"[runtime-status] [7124] Ephemeral server survived."}}
[info] i  functions: Finished "mailer" in ~1s {"metadata":{"emulator":{"name":"functions"},"function":{"name":"mailer"},"message":"Finished \"mailer\" in ~1s"}}
[debug] [2021-01-26T20:01:29.739Z] [worker-mailer-b0feb085-2b85-4bb9-9d9e-52e1d9151f21]: IDLE {"metadata":{"emulator":{"name":"functions"},"message":"[worker-mailer-b0feb085-2b85-4bb9-9d9e-52e1d9151f21]: IDLE"}}
[debug] [2021-01-26T20:01:29.740Z] [work-queue] {"queueLength":0,"workRunningCount":1}
[debug] [2021-01-26T20:01:29.741Z] [work-queue] {"queueLength":1,"workRunningCount":1}
[debug] [2021-01-26T20:01:29.741Z] [work-queue] {"queueLength":0,"workRunningCount":2}
[debug] [2021-01-26T20:01:29.741Z] Accepted request POST /henry-app-50edd/us-central1/mailer --> mailer
[debug] [2021-01-26T20:01:29.741Z] [worker-pool] submitWork(triggerId=mailer) {"metadata":{"emulator":{"name":"functions"},"message":"[worker-pool] submitWork(triggerId=mailer)"}}
[debug] [2021-01-26T20:01:29.742Z] [worker-mailer-c2222056-3795-4945-971a-76a24ea47fa1]: Assigning socketPath: \\?\pipe\C:\Users\wmp2_000\Documents\henry-app\functions\1172 {"metadata":{"emulator":{"name":"functions"},"message":"[worker-mailer-c2222056-3795-4945-971a-76a24ea47fa1]: Assigning socketPath: \\\\?\\pipe\\C:\\Users\\wmp2_000\\Documents\\henry-app\\functions\\1172"}}
[debug] [2021-01-26T20:01:29.743Z] [worker-mailer-c2222056-3795-4945-971a-76a24ea47fa1]: BUSY {"metadata":{"emulator":{"name":"functions"},"message":"[worker-mailer-c2222056-3795-4945-971a-76a24ea47fa1]: BUSY"}}
[debug] [2021-01-26T20:01:29.746Z] [functions] Runtime ready! Sending request! {"metadata":{"emulator":{"name":"functions"},"message":"[functions] Runtime ready! Sending request!"}}
[debug] [2021-01-26T20:01:29.746Z] [functions] Got req.url=/henry-app-50edd/us-central1/mailer, mapping to path=/ {"metadata":{"emulator":{"name":"functions"},"message":"[functions] Got req.url=/henry-app-50edd/us-central1/mailer, mapping to path=/"}}
[debug] [2021-01-26T20:01:29.750Z] [runtime-status] [1172] Trigger "mailer" has been found, beginning invocation! {"metadata":{"emulator":{"name":"functions"},"function":{"name":"mailer"},"message":"[runtime-status] [1172] Trigger \"mailer\" has been found, beginning invocation!"}}
[info] i  functions: Beginning execution of "mailer" {"metadata":{"emulator":{"name":"functions"},"function":{"name":"mailer"},"message":"Beginning execution of \"mailer\""}}
[debug] [2021-01-26T20:01:29.752Z] [runtime-status] [1172] triggerDefinition {"httpsTrigger":{},"name":"mailer","entryPoint":"mailer"} {"metadata":{"emulator":{"name":"functions"},"function":{"name":"mailer"},"message":"[runtime-status] [1172] triggerDefinition {\"httpsTrigger\":{},\"name\":\"mailer\",\"entryPoint\":\"mailer\"}"}}
[debug] [2021-01-26T20:01:29.752Z] [runtime-status] [1172] Running mailer in mode HTTPS {"metadata":{"emulator":{"name":"functions"},"function":{"name":"mailer"},"message":"[runtime-status] [1172] Running mailer in mode HTTPS"}}
[debug] [2021-01-26T20:01:29.752Z] [runtime-status] [1172] Attempting to listen to socketPath: \\?\pipe\C:\Users\wmp2_000\Documents\henry-app\functions\1172 {"metadata":{"emulator":{"name":"functions"},"function":{"name":"mailer"},"message":"[runtime-status] [1172] Attempting to listen to socketPath: \\\\?\\pipe\\C:\\Users\\wmp2_000\\Documents\\henry-app\\functions\\1172"}}
[debug] [2021-01-26T20:01:29.754Z] [functions] Runtime ready! Sending request! {"metadata":{"emulator":{"name":"functions"},"message":"[functions] Runtime ready! Sending request!"}}
[debug] [2021-01-26T20:01:29.754Z] [functions] Got req.url=/henry-app-50edd/us-central1/mailer, mapping to path=/ {"metadata":{"emulator":{"name":"functions"},"message":"[functions] Got req.url=/henry-app-50edd/us-central1/mailer, mapping to path=/"}}
[debug] [2021-01-26T20:01:29.769Z] [runtime-status] [1172] Ephemeral server handling POST request {"metadata":{"emulator":{"name":"functions"},"function":{"name":"mailer"},"message":"[runtime-status] [1172] Ephemeral server handling POST request"}}
[debug] [2021-01-26T20:01:29.769Z] [runtime-status] [1172] Ephemeral server survived. {"metadata":{"emulator":{"name":"functions"},"function":{"name":"mailer"},"message":"[runtime-status] [1172] Ephemeral server survived."}}
[debug] [2021-01-26T20:01:29.796Z] [runtime-status] [5740] Ephemeral server handling POST request {"metadata":{"emulator":{"name":"functions"},"function":{"name":"mailer"},"message":"[runtime-status] [5740] Ephemeral server handling POST request"}}
[debug] [2021-01-26T20:01:29.814Z] [runtime-status] [5740] Ephemeral server survived. {"metadata":{"emulator":{"name":"functions"},"function":{"name":"mailer"},"message":"[runtime-status] [5740] Ephemeral server survived."}}
[info] i  functions: Finished "mailer" in ~1s {"metadata":{"emulator":{"name":"functions"},"function":{"name":"mailer"},"message":"Finished \"mailer\" in ~1s"}}
[debug] [2021-01-26T20:01:31.304Z] [worker-mailer-c2222056-3795-4945-971a-76a24ea47fa1]: IDLE {"metadata":{"emulator":{"name":"functions"},"message":"[worker-mailer-c2222056-3795-4945-971a-76a24ea47fa1]: IDLE"}}
[debug] [2021-01-26T20:01:31.304Z] [work-queue] {"queueLength":0,"workRunningCount":1}
[info] i  functions: Finished "mailer" in ~1s {"metadata":{"emulator":{"name":"functions"},"function":{"name":"mailer"},"message":"Finished \"mailer\" in ~1s"}}
[debug] [2021-01-26T20:01:31.613Z] [worker-mailer-8c6009f9-dae1-4c32-8c34-0c1b6835c48c]: IDLE {"metadata":{"emulator":{"name":"functions"},"message":"[worker-mailer-8c6009f9-dae1-4c32-8c34-0c1b6835c48c]: IDLE"}}
[debug] [2021-01-26T20:01:31.614Z] [work-queue] {"queueLength":0,"workRunningCount":0}
[debug] [2021-01-27T02:51:08.378Z] [worker-mailer-b0feb085-2b85-4bb9-9d9e-52e1d9151f21]: exited {"metadata":{"emulator":{"name":"functions"},"message":"[worker-mailer-b0feb085-2b85-4bb9-9d9e-52e1d9151f21]: exited"}}
[debug] [2021-01-27T02:51:08.381Z] [worker-mailer-b0feb085-2b85-4bb9-9d9e-52e1d9151f21]: FINISHED {"metadata":{"emulator":{"name":"functions"},"message":"[worker-mailer-b0feb085-2b85-4bb9-9d9e-52e1d9151f21]: FINISHED"}}
[debug] [2021-01-27T02:51:08.382Z] [worker-mailer-8c6009f9-dae1-4c32-8c34-0c1b6835c48c]: exited {"metadata":{"emulator":{"name":"functions"},"message":"[worker-mailer-8c6009f9-dae1-4c32-8c34-0c1b6835c48c]: exited"}}
[debug] [2021-01-27T02:51:08.382Z] [worker-mailer-8c6009f9-dae1-4c32-8c34-0c1b6835c48c]: FINISHED {"metadata":{"emulator":{"name":"functions"},"message":"[worker-mailer-8c6009f9-dae1-4c32-8c34-0c1b6835c48c]: FINISHED"}}
