[debug] [2021-01-24T02:20:36.074Z] ----------------------------------------------------------------------
[debug] [2021-01-24T02:20:36.077Z] Command:       C:\Program Files\nodejs\node.exe C:\Users\LENOVO\AppData\Roaming\npm\node_modules\firebase-tools\lib\bin\firebase.js serve
[debug] [2021-01-24T02:20:36.078Z] CLI Version:   9.2.2
[debug] [2021-01-24T02:20:36.078Z] Platform:      win32
[debug] [2021-01-24T02:20:36.078Z] Node Version:  v14.15.1
[debug] [2021-01-24T02:20:36.079Z] Time:          Sat Jan 23 2021 21:20:36 GMT-0500 (hora estándar de Colombia)
[debug] [2021-01-24T02:20:36.080Z] ----------------------------------------------------------------------
[debug] [2021-01-24T02:20:36.080Z] 
[debug] [2021-01-24T02:20:36.090Z] > command requires scopes: ["email","openid","https://www.googleapis.com/auth/cloudplatformprojects.readonly","https://www.googleapis.com/auth/firebase","https://www.googleapis.com/auth/cloud-platform"]
[debug] [2021-01-24T02:20:36.091Z] > authorizing via signed-in user
[debug] [2021-01-24T02:20:36.091Z] [iam] checking project henry-app-50edd for permissions ["firebase.projects.get"]
[debug] [2021-01-24T02:20:36.095Z] > refreshing access token with scopes: ["email","https://www.googleapis.com/auth/cloud-platform","https://www.googleapis.com/auth/cloudplatformprojects.readonly","https://www.googleapis.com/auth/firebase","openid"]
[debug] [2021-01-24T02:20:36.095Z] >>> HTTP REQUEST POST https://www.googleapis.com/oauth2/v3/token  
 <request body omitted>
[debug] [2021-01-24T02:20:36.327Z] <<< HTTP RESPONSE 200 {"cache-control":"no-cache, no-store, max-age=0, must-revalidate","pragma":"no-cache","date":"Sun, 24 Jan 2021 02:20:36 GMT","expires":"Mon, 01 Jan 1990 00:00:00 GMT","content-type":"application/json; charset=utf-8","vary":"X-Origin, Referer, Origin,Accept-Encoding","server":"scaffolding on HTTPServer2","x-xss-protection":"0","x-frame-options":"SAMEORIGIN","x-content-type-options":"nosniff","alt-svc":"h3-29=\":443\"; ma=2592000,h3-T051=\":443\"; ma=2592000,h3-Q050=\":443\"; ma=2592000,h3-Q046=\":443\"; ma=2592000,h3-Q043=\":443\"; ma=2592000,quic=\":443\"; ma=2592000; v=\"46,43\"","accept-ranges":"none","transfer-encoding":"chunked"}
[debug] [2021-01-24T02:20:36.375Z] >>> HTTP REQUEST POST https://cloudresourcemanager.googleapis.com/v1/projects/henry-app-50edd:testIamPermissions  
 {"permissions":["firebase.projects.get"]}
[debug] [2021-01-24T02:20:36.922Z] <<< HTTP RESPONSE 200 {"content-type":"application/json; charset=UTF-8","vary":"X-Origin, Referer, Origin,Accept-Encoding","date":"Sun, 24 Jan 2021 02:20:36 GMT","server":"ESF","cache-control":"private","x-xss-protection":"0","x-frame-options":"SAMEORIGIN","x-content-type-options":"nosniff","server-timing":"gfet4t7; dur=322","alt-svc":"h3-29=\":443\"; ma=2592000,h3-T051=\":443\"; ma=2592000,h3-Q050=\":443\"; ma=2592000,h3-Q046=\":443\"; ma=2592000,h3-Q043=\":443\"; ma=2592000,quic=\":443\"; ma=2592000; v=\"46,43\"","accept-ranges":"none","transfer-encoding":"chunked"}
[debug] [2021-01-24T02:20:36.930Z] > refreshing access token with scopes: []
[debug] [2021-01-24T02:20:36.931Z] >>> HTTP REQUEST POST https://www.googleapis.com/oauth2/v3/token  
 <request body omitted>
[debug] [2021-01-24T02:20:37.124Z] <<< HTTP RESPONSE 200 {"pragma":"no-cache","date":"Sun, 24 Jan 2021 02:20:36 GMT","cache-control":"no-cache, no-store, max-age=0, must-revalidate","expires":"Mon, 01 Jan 1990 00:00:00 GMT","content-type":"application/json; charset=utf-8","vary":"X-Origin, Referer, Origin,Accept-Encoding","server":"scaffolding on HTTPServer2","x-xss-protection":"0","x-frame-options":"SAMEORIGIN","x-content-type-options":"nosniff","alt-svc":"h3-29=\":443\"; ma=2592000,h3-T051=\":443\"; ma=2592000,h3-Q050=\":443\"; ma=2592000,h3-Q046=\":443\"; ma=2592000,h3-Q043=\":443\"; ma=2592000,quic=\":443\"; ma=2592000; v=\"46,43\"","accept-ranges":"none","transfer-encoding":"chunked"}
[debug] [2021-01-24T02:20:37.176Z] >>> [apiv2][query] GET https://firebase.googleapis.com/v1beta1/projects/henry-app-50edd [none]
[debug] [2021-01-24T02:20:37.442Z] <<< [apiv2][status] GET https://firebase.googleapis.com/v1beta1/projects/henry-app-50edd 200
[debug] [2021-01-24T02:20:37.443Z] <<< [apiv2][body] GET https://firebase.googleapis.com/v1beta1/projects/henry-app-50edd {"projectId":"henry-app-50edd","projectNumber":"643875518821","displayName":"henry-app","name":"projects/henry-app-50edd","resources":{"hostingSite":"henry-app-50edd","storageBucket":"henry-app-50edd.appspot.com","locationId":"us-central"},"state":"ACTIVE"}
[info] 
[info] === Serving from 'C:\Users\LENOVO\Documents\henry-app'...
[info] 
[warn] !  Your requested "node" version "12" doesn't match your global version "14" {"metadata":{"emulator":{"name":"functions"},"message":"Your requested \"node\" version \"12\" doesn't match your global version \"14\""}}
[debug] [2021-01-24T02:20:37.505Z] defaultcredentials: writing to file C:\Users\LENOVO\AppData\Roaming\firebase\wsastudilloa_gmail_com_application_default_credentials.json
[debug] [2021-01-24T02:20:37.508Z] Setting GAC to C:\Users\LENOVO\AppData\Roaming\firebase\wsastudilloa_gmail_com_application_default_credentials.json {"metadata":{"emulator":{"name":"functions"},"message":"Setting GAC to C:\\Users\\LENOVO\\AppData\\Roaming\\firebase\\wsastudilloa_gmail_com_application_default_credentials.json"}}
[debug] [2021-01-24T02:20:37.510Z] >>> [apiv2][query] GET https://firebase.googleapis.com/v1beta1/projects/henry-app-50edd/adminSdkConfig [none]
[debug] [2021-01-24T02:20:37.838Z] <<< [apiv2][status] GET https://firebase.googleapis.com/v1beta1/projects/henry-app-50edd/adminSdkConfig 200
[debug] [2021-01-24T02:20:37.839Z] <<< [apiv2][body] GET https://firebase.googleapis.com/v1beta1/projects/henry-app-50edd/adminSdkConfig {"projectId":"henry-app-50edd","storageBucket":"henry-app-50edd.appspot.com","locationId":"us-central"}
[info] i  functions: Watching "C:\Users\LENOVO\Documents\henry-app\functions" for Cloud Functions... {"metadata":{"emulator":{"name":"functions"},"message":"Watching \"C:\\Users\\LENOVO\\Documents\\henry-app\\functions\" for Cloud Functions..."}}
[debug] [2021-01-24T02:20:37.891Z] [worker-pool] addWorker(~diagnostic~) {"metadata":{"emulator":{"name":"functions"},"message":"[worker-pool] addWorker(~diagnostic~)"}}
[debug] [2021-01-24T02:20:37.891Z] [worker-pool] Adding worker with key ~diagnostic~, total=1 {"metadata":{"emulator":{"name":"functions"},"message":"[worker-pool] Adding worker with key ~diagnostic~, total=1"}}
[debug] [2021-01-24T02:20:37.892Z] [worker-pool] submitWork(triggerId=) {"metadata":{"emulator":{"name":"functions"},"message":"[worker-pool] submitWork(triggerId=)"}}
[debug] [2021-01-24T02:20:37.892Z] [worker-~diagnostic~-711cc262-dc47-4b8d-bd31-9bed07b13393]: Assigning socketPath: \\?\pipe\C:\Users\LENOVO\Documents\henry-app\functions\16348 {"metadata":{"emulator":{"name":"functions"},"message":"[worker-~diagnostic~-711cc262-dc47-4b8d-bd31-9bed07b13393]: Assigning socketPath: \\\\?\\pipe\\C:\\Users\\LENOVO\\Documents\\henry-app\\functions\\16348"}}
[debug] [2021-01-24T02:20:37.893Z] [worker-~diagnostic~-711cc262-dc47-4b8d-bd31-9bed07b13393]: BUSY {"metadata":{"emulator":{"name":"functions"},"message":"[worker-~diagnostic~-711cc262-dc47-4b8d-bd31-9bed07b13393]: BUSY"}}
[debug] [2021-01-24T02:20:38.221Z] [runtime-status] [16348] Functions runtime initialized. {"cwd":"C:\\Users\\LENOVO\\Documents\\henry-app\\functions","node_version":"14.15.1"} {"metadata":{"emulator":{"name":"functions"},"message":"[runtime-status] [16348] Functions runtime initialized. {\"cwd\":\"C:\\\\Users\\\\LENOVO\\\\Documents\\\\henry-app\\\\functions\",\"node_version\":\"14.15.1\"}"}}
[debug] [2021-01-24T02:20:38.223Z] [runtime-status] [16348] Disabled runtime features: undefined {"metadata":{"emulator":{"name":"functions"},"message":"[runtime-status] [16348] Disabled runtime features: undefined"}}
[debug] [2021-01-24T02:20:38.227Z] [runtime-status] [16348] Resolved module firebase-admin {"declared":true,"installed":true,"version":"9.4.2","resolution":"C:\\Users\\LENOVO\\Documents\\henry-app\\functions\\node_modules\\firebase-admin\\lib\\index.js"} {"metadata":{"emulator":{"name":"functions"},"message":"[runtime-status] [16348] Resolved module firebase-admin {\"declared\":true,\"installed\":true,\"version\":\"9.4.2\",\"resolution\":\"C:\\\\Users\\\\LENOVO\\\\Documents\\\\henry-app\\\\functions\\\\node_modules\\\\firebase-admin\\\\lib\\\\index.js\"}"}}
[debug] [2021-01-24T02:20:38.229Z] [runtime-status] [16348] Resolved module firebase-functions {"declared":true,"installed":true,"version":"3.13.1","resolution":"C:\\Users\\LENOVO\\Documents\\henry-app\\functions\\node_modules\\firebase-functions\\lib\\index.js"} {"metadata":{"emulator":{"name":"functions"},"message":"[runtime-status] [16348] Resolved module firebase-functions {\"declared\":true,\"installed\":true,\"version\":\"3.13.1\",\"resolution\":\"C:\\\\Users\\\\LENOVO\\\\Documents\\\\henry-app\\\\functions\\\\node_modules\\\\firebase-functions\\\\lib\\\\index.js\"}"}}
[debug] [2021-01-24T02:20:38.231Z] [runtime-status] [16348] Resolved module firebase-functions {"declared":true,"installed":true,"version":"3.13.1","resolution":"C:\\Users\\LENOVO\\Documents\\henry-app\\functions\\node_modules\\firebase-functions\\lib\\index.js"} {"metadata":{"emulator":{"name":"functions"},"message":"[runtime-status] [16348] Resolved module firebase-functions {\"declared\":true,\"installed\":true,\"version\":\"3.13.1\",\"resolution\":\"C:\\\\Users\\\\LENOVO\\\\Documents\\\\henry-app\\\\functions\\\\node_modules\\\\firebase-functions\\\\lib\\\\index.js\"}"}}
[debug] [2021-01-24T02:20:38.233Z] [runtime-status] [16348] Outgoing network have been stubbed. [{"name":"http","status":"mocked"},{"name":"http","status":"mocked"},{"name":"https","status":"mocked"},{"name":"https","status":"mocked"},{"name":"net","status":"mocked"}] {"metadata":{"emulator":{"name":"functions"},"message":"[runtime-status] [16348] Outgoing network have been stubbed. [{\"name\":\"http\",\"status\":\"mocked\"},{\"name\":\"http\",\"status\":\"mocked\"},{\"name\":\"https\",\"status\":\"mocked\"},{\"name\":\"https\",\"status\":\"mocked\"},{\"name\":\"net\",\"status\":\"mocked\"}]"}}
[debug] [2021-01-24T02:20:38.234Z] [runtime-status] [16348] Resolved module firebase-functions {"declared":true,"installed":true,"version":"3.13.1","resolution":"C:\\Users\\LENOVO\\Documents\\henry-app\\functions\\node_modules\\firebase-functions\\lib\\index.js"} {"metadata":{"emulator":{"name":"functions"},"message":"[runtime-status] [16348] Resolved module firebase-functions {\"declared\":true,\"installed\":true,\"version\":\"3.13.1\",\"resolution\":\"C:\\\\Users\\\\LENOVO\\\\Documents\\\\henry-app\\\\functions\\\\node_modules\\\\firebase-functions\\\\lib\\\\index.js\"}"}}
[debug] [2021-01-24T02:20:38.288Z] [runtime-status] [16348] Checked functions.config() {"config":{}} {"metadata":{"emulator":{"name":"functions"},"message":"[runtime-status] [16348] Checked functions.config() {\"config\":{}}"}}
[debug] [2021-01-24T02:20:38.288Z] [runtime-status] [16348] firebase-functions has been stubbed. {"functionsResolution":{"declared":true,"installed":true,"version":"3.13.1","resolution":"C:\\Users\\LENOVO\\Documents\\henry-app\\functions\\node_modules\\firebase-functions\\lib\\index.js"}} {"metadata":{"emulator":{"name":"functions"},"message":"[runtime-status] [16348] firebase-functions has been stubbed. {\"functionsResolution\":{\"declared\":true,\"installed\":true,\"version\":\"3.13.1\",\"resolution\":\"C:\\\\Users\\\\LENOVO\\\\Documents\\\\henry-app\\\\functions\\\\node_modules\\\\firebase-functions\\\\lib\\\\index.js\"}}"}}
[debug] [2021-01-24T02:20:38.289Z] [runtime-status] [16348] Resolved module firebase-functions {"declared":true,"installed":true,"version":"3.13.1","resolution":"C:\\Users\\LENOVO\\Documents\\henry-app\\functions\\node_modules\\firebase-functions\\lib\\index.js"} {"metadata":{"emulator":{"name":"functions"},"message":"[runtime-status] [16348] Resolved module firebase-functions {\"declared\":true,\"installed\":true,\"version\":\"3.13.1\",\"resolution\":\"C:\\\\Users\\\\LENOVO\\\\Documents\\\\henry-app\\\\functions\\\\node_modules\\\\firebase-functions\\\\lib\\\\index.js\"}"}}
[debug] [2021-01-24T02:20:38.291Z] [runtime-status] [16348] Resolved module firebase-admin {"declared":true,"installed":true,"version":"9.4.2","resolution":"C:\\Users\\LENOVO\\Documents\\henry-app\\functions\\node_modules\\firebase-admin\\lib\\index.js"} {"metadata":{"emulator":{"name":"functions"},"message":"[runtime-status] [16348] Resolved module firebase-admin {\"declared\":true,\"installed\":true,\"version\":\"9.4.2\",\"resolution\":\"C:\\\\Users\\\\LENOVO\\\\Documents\\\\henry-app\\\\functions\\\\node_modules\\\\firebase-admin\\\\lib\\\\index.js\"}"}}
[debug] [2021-01-24T02:20:38.291Z] [runtime-status] [16348] Resolved module firebase-functions {"declared":true,"installed":true,"version":"3.13.1","resolution":"C:\\Users\\LENOVO\\Documents\\henry-app\\functions\\node_modules\\firebase-functions\\lib\\index.js"} {"metadata":{"emulator":{"name":"functions"},"message":"[runtime-status] [16348] Resolved module firebase-functions {\"declared\":true,\"installed\":true,\"version\":\"3.13.1\",\"resolution\":\"C:\\\\Users\\\\LENOVO\\\\Documents\\\\henry-app\\\\functions\\\\node_modules\\\\firebase-functions\\\\lib\\\\index.js\"}"}}
[debug] [2021-01-24T02:20:38.291Z] [runtime-status] [16348] firebase-admin has been stubbed. {"adminResolution":{"declared":true,"installed":true,"version":"9.4.2","resolution":"C:\\Users\\LENOVO\\Documents\\henry-app\\functions\\node_modules\\firebase-admin\\lib\\index.js"}} {"metadata":{"emulator":{"name":"functions"},"message":"[runtime-status] [16348] firebase-admin has been stubbed. {\"adminResolution\":{\"declared\":true,\"installed\":true,\"version\":\"9.4.2\",\"resolution\":\"C:\\\\Users\\\\LENOVO\\\\Documents\\\\henry-app\\\\functions\\\\node_modules\\\\firebase-admin\\\\lib\\\\index.js\"}}"}}
[info] +  functions[mailer]: http function initialized (http://localhost:5000/henry-app-50edd/us-central1/mailer). {"metadata":{"emulator":{"name":"functions"},"message":"\u001b[1mhttp\u001b[22m function initialized (http://localhost:5000/henry-app-50edd/us-central1/mailer)."}}
[debug] [2021-01-24T02:20:38.572Z] [worker-~diagnostic~-711cc262-dc47-4b8d-bd31-9bed07b13393]: IDLE {"metadata":{"emulator":{"name":"functions"},"message":"[worker-~diagnostic~-711cc262-dc47-4b8d-bd31-9bed07b13393]: IDLE"}}
